<?xml version="1.0" encoding="UTF-8"?>
<testsuites name="Login and keluar" time="139.733" tests="5" failures="2" errors="0">
   <testsuite name="Login and keluar" tests="5" failures="2" errors="0" time="139.733" timestamp="2020-09-08 02:15:33" hostname="mbpretina-2014 - apples-mbp" id="Test Suites/evermos-mobile-suite/Login and keluar">
      <properties>
         <property name="deviceName" value="realme RMX2061 (Android 10)"/>
         <property name="devicePlatform" value=""/>
         <property name="logFolder" value="/Users/mbpretina-2014/Documents/Evermoss-Test/evermos-automation-test/Reports/20200908_021522/evermos-mobile-suite/Login and keluar/20200908_021522"/>
         <property name="logFiles" value="/Users/mbpretina-2014/Documents/Evermoss-Test/evermos-automation-test/Reports/20200908_021522/evermos-mobile-suite/Login and keluar/20200908_021522/execution0.log, /Users/mbpretina-2014/Documents/Evermoss-Test/evermos-automation-test/Reports/20200908_021522/evermos-mobile-suite/Login and keluar/20200908_021522/appium.log"/>
         <property name="attachments" value="/Users/mbpretina-2014/Documents/Evermoss-Test/evermos-automation-test/Reports/20200908_021522/evermos-mobile-suite/Login and keluar/20200908_021522/1599506211187.png, /Users/mbpretina-2014/Documents/Evermoss-Test/evermos-automation-test/Reports/20200908_021522/evermos-mobile-suite/Login and keluar/20200908_021522/1599506212074.png, /Users/mbpretina-2014/Documents/Evermoss-Test/evermos-automation-test/Reports/20200908_021522/evermos-mobile-suite/Login and keluar/20200908_021522/1599506270750.png, /Users/mbpretina-2014/Documents/Evermoss-Test/evermos-automation-test/Reports/20200908_021522/evermos-mobile-suite/Login and keluar/20200908_021522/1599506271494.png"/>
         <property name="hostName" value="mbpretina-2014 - apples-mbp"/>
         <property name="os" value="Mac OS X 64bit"/>
         <property name="appiumServerStatus" value="{&quot;value&quot;:{&quot;build&quot;:{&quot;version&quot;:&quot;1.18.1&quot;}},&quot;sessionId&quot;:null,&quot;status&quot;:0}"/>
         <property name="katalonVersion" value="7.6.6.205"/>
         <property name="deviceOS" value="Android"/>
         <property name="appiumVersion" value="1.18.1"/>
         <property name="deviceModel" value="RMX2061"/>
         <property name="hostAddress" value="192.168.43.161"/>
         <property name="deviceManufacturer" value="realme"/>
         <property name="deviceId" value="20754a6a"/>
         <property name="deviceName" value="realme RMX2061 (Android 10)"/>
         <property name="deviceOSVersion" value="10"/>
      </properties>
      <testcase name="Test Cases/evermoss-mobile-app/login-evermos-uccess-case" time="27.301" classname="Test Cases/evermoss-mobile-app/login-evermos-uccess-case" status="PASSED">
         <system-out><![CDATA[2020-09-08 02:15:33 - [TEST_CASE][PASSED] - Test Cases/evermoss-mobile-app/login-evermos-uccess-case: Test Cases/evermoss-mobile-app/login-evermos-uccess-case

2020-09-08 02:15:34 - [TEST_STEP][PASSED] - startApplication(EvermosApkLoc, false): Started app at: '/Users/mbpretina-2014/Downloads/evermos.apk'

2020-09-08 02:15:38 - [MESSAGE][INFO] - Appium server started on port 58,631

2020-09-08 02:15:50 - [MESSAGE][PASSED] - Started app at: '/Users/mbpretina-2014/Downloads/evermos.apk'

2020-09-08 02:15:50 - [TEST_STEP][PASSED] - tap(findTestObject("evermoss-mobile-app-object/Masuk Sekarang"), 0): Tapped on element 'Object Repository/evermoss-mobile-app-object/Masuk Sekarang'

2020-09-08 02:15:51 - [MESSAGE][WARNING] - Timeout '0' is invalid. Using default page load timeout: '30'

2020-09-08 02:15:52 - [MESSAGE][PASSED] - Tapped on element 'Object Repository/evermoss-mobile-app-object/Masuk Sekarang'

2020-09-08 02:15:52 - [TEST_STEP][PASSED] - sendKeys(findTestObject("evermoss-mobile-app-object/phone-number"), EvermosMobilePhone): Send keys '622525' on test object 'Object Repository/evermoss-mobile-app-object/phone-number' successfully.

2020-09-08 02:15:53 - [MESSAGE][PASSED] - Send keys '622525' on test object 'Object Repository/evermoss-mobile-app-object/phone-number' successfully.

2020-09-08 02:15:53 - [TEST_STEP][PASSED] - sendKeys(findTestObject("evermoss-mobile-app-object/kata-sandi"), EvermosMobilePassword): Send keys '1' on test object 'Object Repository/evermoss-mobile-app-object/kata-sandi' successfully.

2020-09-08 02:15:54 - [MESSAGE][PASSED] - Send keys '1' on test object 'Object Repository/evermoss-mobile-app-object/kata-sandi' successfully.

2020-09-08 02:15:54 - [TEST_STEP][PASSED] - tap(findTestObject("evermoss-mobile-app-object/masuk-button"), 0): Tapped on element 'Object Repository/evermoss-mobile-app-object/masuk-button'

2020-09-08 02:15:54 - [MESSAGE][WARNING] - Timeout '0' is invalid. Using default page load timeout: '30'

2020-09-08 02:15:56 - [MESSAGE][PASSED] - Tapped on element 'Object Repository/evermoss-mobile-app-object/masuk-button'

2020-09-08 02:15:56 - [TEST_STEP][PASSED] - verifyElementExist(findTestObject("evermoss-mobile-app-object/katalog-menu"), 0): Element 'Object Repository/evermoss-mobile-app-object/katalog-menu' is exist

2020-09-08 02:15:56 - [MESSAGE][WARNING] - Timeout '0' is invalid. Using default page load timeout: '30'

2020-09-08 02:16:01 - [MESSAGE][PASSED] - Element 'Object Repository/evermoss-mobile-app-object/katalog-menu' is exist]]></system-out>
         <system-err><![CDATA[]]></system-err>
      </testcase>
      <testcase name="Test Cases/evermoss-mobile-app/open-kategori-success" time="7.368" classname="Test Cases/evermoss-mobile-app/open-kategori-success" status="PASSED">
         <system-out><![CDATA[2020-09-08 02:16:01 - [TEST_CASE][PASSED] - Test Cases/evermoss-mobile-app/open-kategori-success: Test Cases/evermoss-mobile-app/open-kategori-success

2020-09-08 02:16:01 - [TEST_STEP][PASSED] - tap(findTestObject("evermoss-mobile-app-object/kategori-menu"), 0): Tapped on element 'Object Repository/evermoss-mobile-app-object/kategori-menu'

2020-09-08 02:16:01 - [MESSAGE][WARNING] - Timeout '0' is invalid. Using default page load timeout: '30'

2020-09-08 02:16:05 - [MESSAGE][PASSED] - Tapped on element 'Object Repository/evermoss-mobile-app-object/kategori-menu'

2020-09-08 02:16:05 - [TEST_STEP][PASSED] - tap(findTestObject("evermoss-mobile-app-object/fashion-anak-bayi-kat-icon"), 0): Tapped on element 'Object Repository/evermoss-mobile-app-object/fashion-anak-bayi-kat-icon'

2020-09-08 02:16:05 - [MESSAGE][WARNING] - Timeout '0' is invalid. Using default page load timeout: '30'

2020-09-08 02:16:06 - [MESSAGE][PASSED] - Tapped on element 'Object Repository/evermoss-mobile-app-object/fashion-anak-bayi-kat-icon'

2020-09-08 02:16:06 - [TEST_STEP][PASSED] - verifyElementExist(findTestObject("evermoss-mobile-app-object/fashion-bayi-text"), 0): Element 'Object Repository/evermoss-mobile-app-object/fashion-bayi-text' is exist

2020-09-08 02:16:06 - [MESSAGE][WARNING] - Timeout '0' is invalid. Using default page load timeout: '30'

2020-09-08 02:16:08 - [MESSAGE][PASSED] - Element 'Object Repository/evermoss-mobile-app-object/fashion-bayi-text' is exist]]></system-out>
         <system-err><![CDATA[]]></system-err>
      </testcase>
      <testcase name="Test Cases/evermoss-mobile-app/open-toko-saya-success" time="12.465" classname="Test Cases/evermoss-mobile-app/open-toko-saya-success" status="PASSED">
         <system-out><![CDATA[2020-09-08 02:16:08 - [TEST_CASE][PASSED] - Test Cases/evermoss-mobile-app/open-toko-saya-success: Test Cases/evermoss-mobile-app/open-toko-saya-success

2020-09-08 02:16:08 - [TEST_STEP][PASSED] - tap(findTestObject("evermoss-mobile-app-object/toko-saya-menu"), 0): Tapped on element 'Object Repository/evermoss-mobile-app-object/toko-saya-menu'

2020-09-08 02:16:08 - [MESSAGE][WARNING] - Timeout '0' is invalid. Using default page load timeout: '30'

2020-09-08 02:16:10 - [MESSAGE][PASSED] - Tapped on element 'Object Repository/evermoss-mobile-app-object/toko-saya-menu'

2020-09-08 02:16:10 - [TEST_STEP][PASSED] - verifyElementExist(findTestObject("evermoss-mobile-app-object/toko-saya-name"), 0): Element 'Object Repository/evermoss-mobile-app-object/toko-saya-name' is exist

2020-09-08 02:16:10 - [MESSAGE][WARNING] - Timeout '0' is invalid. Using default page load timeout: '30'

2020-09-08 02:16:12 - [MESSAGE][PASSED] - Element 'Object Repository/evermoss-mobile-app-object/toko-saya-name' is exist

2020-09-08 02:16:12 - [TEST_STEP][PASSED] - tap(findTestObject("evermoss-mobile-app-object/first-product"), 0): Tapped on element 'Object Repository/evermoss-mobile-app-object/first-product'

2020-09-08 02:16:12 - [MESSAGE][WARNING] - Timeout '0' is invalid. Using default page load timeout: '30'

2020-09-08 02:16:15 - [MESSAGE][PASSED] - Tapped on element 'Object Repository/evermoss-mobile-app-object/first-product'

2020-09-08 02:16:15 - [TEST_STEP][PASSED] - verifyElementExist(findTestObject("evermoss-mobile-app-object/nama-product"), 0): Element 'Object Repository/evermoss-mobile-app-object/nama-product' is exist

2020-09-08 02:16:16 - [MESSAGE][WARNING] - Timeout '0' is invalid. Using default page load timeout: '30'

2020-09-08 02:16:16 - [MESSAGE][PASSED] - Element 'Object Repository/evermoss-mobile-app-object/nama-product' is exist

2020-09-08 02:16:16 - [TEST_STEP][PASSED] - tap(findTestObject("evermoss-mobile-app-object/share-toko-saya"), 0): Tapped on element 'Object Repository/evermoss-mobile-app-object/share-toko-saya'

2020-09-08 02:16:16 - [MESSAGE][WARNING] - Timeout '0' is invalid. Using default page load timeout: '30'

2020-09-08 02:16:17 - [MESSAGE][PASSED] - Tapped on element 'Object Repository/evermoss-mobile-app-object/share-toko-saya'

2020-09-08 02:16:17 - [TEST_STEP][PASSED] - tap(findTestObject("evermoss-mobile-app-object/download-toko-saya"), 0): Tapped on element 'Object Repository/evermoss-mobile-app-object/download-toko-saya'

2020-09-08 02:16:17 - [MESSAGE][WARNING] - Timeout '0' is invalid. Using default page load timeout: '30'

2020-09-08 02:16:18 - [MESSAGE][PASSED] - Tapped on element 'Object Repository/evermoss-mobile-app-object/download-toko-saya'

2020-09-08 02:16:18 - [TEST_STEP][PASSED] - tap(findTestObject("evermoss-mobile-app-object/dot-toko-saya"), 0): Tapped on element 'Object Repository/evermoss-mobile-app-object/dot-toko-saya'

2020-09-08 02:16:18 - [MESSAGE][WARNING] - Timeout '0' is invalid. Using default page load timeout: '30'

2020-09-08 02:16:19 - [MESSAGE][PASSED] - Tapped on element 'Object Repository/evermoss-mobile-app-object/dot-toko-saya'

2020-09-08 02:16:19 - [TEST_STEP][PASSED] - tap(findTestObject("evermoss-mobile-app-object/back-toko-saya"), 0): Tapped on element 'Object Repository/evermoss-mobile-app-object/back-toko-saya'

2020-09-08 02:16:19 - [MESSAGE][WARNING] - Timeout '0' is invalid. Using default page load timeout: '30'

2020-09-08 02:16:21 - [MESSAGE][PASSED] - Tapped on element 'Object Repository/evermoss-mobile-app-object/back-toko-saya']]></system-out>
         <system-err><![CDATA[]]></system-err>
      </testcase>
      <testcase name="Test Cases/evermoss-mobile-app/open-toko-saya-success" time="31.709" classname="Test Cases/evermoss-mobile-app/open-toko-saya-success" status="FAILED">
         <failure type="FAILED" message="Test Cases/evermoss-mobile-app/open-toko-saya-success FAILED.
Reason:
com.kms.katalon.core.exception.StepFailedException: Object Object Repository/evermoss-mobile-app-object/toko-saya-menu not found
	at com.kms.katalon.core.keyword.internal.KeywordMain.stepFailed(KeywordMain.groovy:50)
	at com.kms.katalon.core.mobile.keyword.internal.MobileKeywordMain.stepFailed(MobileKeywordMain.groovy:40)
	at com.kms.katalon.core.mobile.keyword.builtin.TapKeyword$_tap_closure1.doCall(TapKeyword.groovy:79)
	at com.kms.katalon.core.mobile.keyword.builtin.TapKeyword$_tap_closure1.call(TapKeyword.groovy)
	at com.kms.katalon.core.mobile.keyword.internal.MobileKeywordMain.runKeyword(MobileKeywordMain.groovy:21)
	at com.kms.katalon.core.mobile.keyword.builtin.TapKeyword.tap(TapKeyword.groovy:86)
	at com.kms.katalon.core.mobile.keyword.builtin.TapKeyword.execute(TapKeyword.groovy:68)
	at com.kms.katalon.core.keyword.internal.KeywordExecutor.executeKeywordForPlatform(KeywordExecutor.groovy:73)
	at com.kms.katalon.core.mobile.keyword.MobileBuiltInKeywords.tap(MobileBuiltInKeywords.groovy:577)
	at com.kms.katalon.core.mobile.keyword.MobileBuiltInKeywords$tap$0.call(Unknown Source)
	at open-toko-saya-success.run(open-toko-saya-success:18)
	at com.kms.katalon.core.main.ScriptEngine.run(ScriptEngine.java:194)
	at com.kms.katalon.core.main.ScriptEngine.runScriptAsRawText(ScriptEngine.java:119)
	at com.kms.katalon.core.main.TestCaseExecutor.runScript(TestCaseExecutor.java:339)
	at com.kms.katalon.core.main.TestCaseExecutor.doExecute(TestCaseExecutor.java:330)
	at com.kms.katalon.core.main.TestCaseExecutor.processExecutionPhase(TestCaseExecutor.java:309)
	at com.kms.katalon.core.main.TestCaseExecutor.accessMainPhase(TestCaseExecutor.java:301)
	at com.kms.katalon.core.main.TestCaseExecutor.execute(TestCaseExecutor.java:235)
	at com.kms.katalon.core.main.TestSuiteExecutor.accessTestCaseMainPhase(TestSuiteExecutor.java:191)
	at com.kms.katalon.core.main.TestSuiteExecutor.accessTestSuiteMainPhase(TestSuiteExecutor.java:141)
	at com.kms.katalon.core.main.TestSuiteExecutor.execute(TestSuiteExecutor.java:90)
	at com.kms.katalon.core.main.TestCaseMain.startTestSuite(TestCaseMain.java:157)
	at com.kms.katalon.core.main.TestCaseMain$startTestSuite$0.call(Unknown Source)
	at TempTestSuite1599506122672.run(TempTestSuite1599506122672.groovy:39)
"/>
         <system-out><![CDATA[2020-09-08 02:16:21 - [TEST_CASE][FAILED] - Test Cases/evermoss-mobile-app/open-toko-saya-success: Test Cases/evermoss-mobile-app/open-toko-saya-success FAILED.
Reason:
com.kms.katalon.core.exception.StepFailedException: Object Object Repository/evermoss-mobile-app-object/toko-saya-menu not found
	at com.kms.katalon.core.keyword.internal.KeywordMain.stepFailed(KeywordMain.groovy:50)
	at com.kms.katalon.core.mobile.keyword.internal.MobileKeywordMain.stepFailed(MobileKeywordMain.groovy:40)
	at com.kms.katalon.core.mobile.keyword.builtin.TapKeyword$_tap_closure1.doCall(TapKeyword.groovy:79)
	at com.kms.katalon.core.mobile.keyword.builtin.TapKeyword$_tap_closure1.call(TapKeyword.groovy)
	at com.kms.katalon.core.mobile.keyword.internal.MobileKeywordMain.runKeyword(MobileKeywordMain.groovy:21)
	at com.kms.katalon.core.mobile.keyword.builtin.TapKeyword.tap(TapKeyword.groovy:86)
	at com.kms.katalon.core.mobile.keyword.builtin.TapKeyword.execute(TapKeyword.groovy:68)
	at com.kms.katalon.core.keyword.internal.KeywordExecutor.executeKeywordForPlatform(KeywordExecutor.groovy:73)
	at com.kms.katalon.core.mobile.keyword.MobileBuiltInKeywords.tap(MobileBuiltInKeywords.groovy:577)
	at com.kms.katalon.core.mobile.keyword.MobileBuiltInKeywords$tap$0.call(Unknown Source)
	at open-toko-saya-success.run(open-toko-saya-success:18)
	at com.kms.katalon.core.main.ScriptEngine.run(ScriptEngine.java:194)
	at com.kms.katalon.core.main.ScriptEngine.runScriptAsRawText(ScriptEngine.java:119)
	at com.kms.katalon.core.main.TestCaseExecutor.runScript(TestCaseExecutor.java:339)
	at com.kms.katalon.core.main.TestCaseExecutor.doExecute(TestCaseExecutor.java:330)
	at com.kms.katalon.core.main.TestCaseExecutor.processExecutionPhase(TestCaseExecutor.java:309)
	at com.kms.katalon.core.main.TestCaseExecutor.accessMainPhase(TestCaseExecutor.java:301)
	at com.kms.katalon.core.main.TestCaseExecutor.execute(TestCaseExecutor.java:235)
	at com.kms.katalon.core.main.TestSuiteExecutor.accessTestCaseMainPhase(TestSuiteExecutor.java:191)
	at com.kms.katalon.core.main.TestSuiteExecutor.accessTestSuiteMainPhase(TestSuiteExecutor.java:141)
	at com.kms.katalon.core.main.TestSuiteExecutor.execute(TestSuiteExecutor.java:90)
	at com.kms.katalon.core.main.TestCaseMain.startTestSuite(TestCaseMain.java:157)
	at com.kms.katalon.core.main.TestCaseMain$startTestSuite$0.call(Unknown Source)
	at TempTestSuite1599506122672.run(TempTestSuite1599506122672.groovy:39)


2020-09-08 02:16:21 - [TEST_STEP][FAILED] - tap(findTestObject("evermoss-mobile-app-object/toko-saya-menu"), 0): Failed to tap on element 'Object Repository/evermoss-mobile-app-object/toko-saya-menu' (Root cause: com.kms.katalon.core.exception.StepFailedException: Object Object Repository/evermoss-mobile-app-object/toko-saya-menu not found
	at com.kms.katalon.core.keyword.internal.KeywordMain.stepFailed(KeywordMain.groovy:50)
	at com.kms.katalon.core.mobile.keyword.internal.MobileKeywordMain.stepFailed(MobileKeywordMain.groovy:40)
	at com.kms.katalon.core.mobile.keyword.builtin.TapKeyword$_tap_closure1.doCall(TapKeyword.groovy:79)
	at com.kms.katalon.core.mobile.keyword.builtin.TapKeyword$_tap_closure1.call(TapKeyword.groovy)
	at com.kms.katalon.core.mobile.keyword.internal.MobileKeywordMain.runKeyword(MobileKeywordMain.groovy:21)
	at com.kms.katalon.core.mobile.keyword.builtin.TapKeyword.tap(TapKeyword.groovy:86)
	at com.kms.katalon.core.mobile.keyword.builtin.TapKeyword.execute(TapKeyword.groovy:68)
	at com.kms.katalon.core.keyword.internal.KeywordExecutor.executeKeywordForPlatform(KeywordExecutor.groovy:73)
	at com.kms.katalon.core.mobile.keyword.MobileBuiltInKeywords.tap(MobileBuiltInKeywords.groovy:577)
	at com.kms.katalon.core.mobile.keyword.MobileBuiltInKeywords$tap$0.call(Unknown Source)
	at open-toko-saya-success.run(open-toko-saya-success:18)
	at com.kms.katalon.core.main.ScriptEngine.run(ScriptEngine.java:194)
	at com.kms.katalon.core.main.ScriptEngine.runScriptAsRawText(ScriptEngine.java:119)
	at com.kms.katalon.core.main.TestCaseExecutor.runScript(TestCaseExecutor.java:339)
	at com.kms.katalon.core.main.TestCaseExecutor.doExecute(TestCaseExecutor.java:330)
	at com.kms.katalon.core.main.TestCaseExecutor.processExecutionPhase(TestCaseExecutor.java:309)
	at com.kms.katalon.core.main.TestCaseExecutor.accessMainPhase(TestCaseExecutor.java:301)
	at com.kms.katalon.core.main.TestCaseExecutor.execute(TestCaseExecutor.java:235)
	at com.kms.katalon.core.main.TestSuiteExecutor.accessTestCaseMainPhase(TestSuiteExecutor.java:191)
	at com.kms.katalon.core.main.TestSuiteExecutor.accessTestSuiteMainPhase(TestSuiteExecutor.java:141)
	at com.kms.katalon.core.main.TestSuiteExecutor.execute(TestSuiteExecutor.java:90)
	at com.kms.katalon.core.main.TestCaseMain.startTestSuite(TestCaseMain.java:157)
	at com.kms.katalon.core.main.TestCaseMain$startTestSuite$0.call(Unknown Source)
	at TempTestSuite1599506122672.run(TempTestSuite1599506122672.groovy:39)
)

2020-09-08 02:16:21 - [MESSAGE][WARNING] - Timeout '0' is invalid. Using default page load timeout: '30'

2020-09-08 02:16:52 - [MESSAGE][FAILED] - Object Object Repository/evermoss-mobile-app-object/toko-saya-menu not found
[[ATTACHMENT|/Users/mbpretina-2014/Documents/Evermoss-Test/evermos-automation-test/Reports/20200908_021522/evermos-mobile-suite/Login and keluar/20200908_021522/1599506211187.png]]

2020-09-08 02:16:52 - [MESSAGE][FAILED] - Failed to tap on element 'Object Repository/evermoss-mobile-app-object/toko-saya-menu' (Root cause: com.kms.katalon.core.exception.StepFailedException: Object Object Repository/evermoss-mobile-app-object/toko-saya-menu not found
	at com.kms.katalon.core.keyword.internal.KeywordMain.stepFailed(KeywordMain.groovy:50)
	at com.kms.katalon.core.mobile.keyword.internal.MobileKeywordMain.stepFailed(MobileKeywordMain.groovy:40)
	at com.kms.katalon.core.mobile.keyword.builtin.TapKeyword$_tap_closure1.doCall(TapKeyword.groovy:79)
	at com.kms.katalon.core.mobile.keyword.builtin.TapKeyword$_tap_closure1.call(TapKeyword.groovy)
	at com.kms.katalon.core.mobile.keyword.internal.MobileKeywordMain.runKeyword(MobileKeywordMain.groovy:21)
	at com.kms.katalon.core.mobile.keyword.builtin.TapKeyword.tap(TapKeyword.groovy:86)
	at com.kms.katalon.core.mobile.keyword.builtin.TapKeyword.execute(TapKeyword.groovy:68)
	at com.kms.katalon.core.keyword.internal.KeywordExecutor.executeKeywordForPlatform(KeywordExecutor.groovy:73)
	at com.kms.katalon.core.mobile.keyword.MobileBuiltInKeywords.tap(MobileBuiltInKeywords.groovy:577)
	at com.kms.katalon.core.mobile.keyword.MobileBuiltInKeywords$tap$0.call(Unknown Source)
	at open-toko-saya-success.run(open-toko-saya-success:18)
	at com.kms.katalon.core.main.ScriptEngine.run(ScriptEngine.java:194)
	at com.kms.katalon.core.main.ScriptEngine.runScriptAsRawText(ScriptEngine.java:119)
	at com.kms.katalon.core.main.TestCaseExecutor.runScript(TestCaseExecutor.java:339)
	at com.kms.katalon.core.main.TestCaseExecutor.doExecute(TestCaseExecutor.java:330)
	at com.kms.katalon.core.main.TestCaseExecutor.processExecutionPhase(TestCaseExecutor.java:309)
	at com.kms.katalon.core.main.TestCaseExecutor.accessMainPhase(TestCaseExecutor.java:301)
	at com.kms.katalon.core.main.TestCaseExecutor.execute(TestCaseExecutor.java:235)
	at com.kms.katalon.core.main.TestSuiteExecutor.accessTestCaseMainPhase(TestSuiteExecutor.java:191)
	at com.kms.katalon.core.main.TestSuiteExecutor.accessTestSuiteMainPhase(TestSuiteExecutor.java:141)
	at com.kms.katalon.core.main.TestSuiteExecutor.execute(TestSuiteExecutor.java:90)
	at com.kms.katalon.core.main.TestCaseMain.startTestSuite(TestCaseMain.java:157)
	at com.kms.katalon.core.main.TestCaseMain$startTestSuite$0.call(Unknown Source)
	at TempTestSuite1599506122672.run(TempTestSuite1599506122672.groovy:39)
)
[[ATTACHMENT|/Users/mbpretina-2014/Documents/Evermoss-Test/evermos-automation-test/Reports/20200908_021522/evermos-mobile-suite/Login and keluar/20200908_021522/1599506212074.png]]]]></system-out>
         <system-err><![CDATA[2020-09-08 02:16:21 - [TEST_CASE][FAILED] - Test Cases/evermoss-mobile-app/open-toko-saya-success: Test Cases/evermoss-mobile-app/open-toko-saya-success FAILED.
Reason:
com.kms.katalon.core.exception.StepFailedException: Object Object Repository/evermoss-mobile-app-object/toko-saya-menu not found
	at com.kms.katalon.core.keyword.internal.KeywordMain.stepFailed(KeywordMain.groovy:50)
	at com.kms.katalon.core.mobile.keyword.internal.MobileKeywordMain.stepFailed(MobileKeywordMain.groovy:40)
	at com.kms.katalon.core.mobile.keyword.builtin.TapKeyword$_tap_closure1.doCall(TapKeyword.groovy:79)
	at com.kms.katalon.core.mobile.keyword.builtin.TapKeyword$_tap_closure1.call(TapKeyword.groovy)
	at com.kms.katalon.core.mobile.keyword.internal.MobileKeywordMain.runKeyword(MobileKeywordMain.groovy:21)
	at com.kms.katalon.core.mobile.keyword.builtin.TapKeyword.tap(TapKeyword.groovy:86)
	at com.kms.katalon.core.mobile.keyword.builtin.TapKeyword.execute(TapKeyword.groovy:68)
	at com.kms.katalon.core.keyword.internal.KeywordExecutor.executeKeywordForPlatform(KeywordExecutor.groovy:73)
	at com.kms.katalon.core.mobile.keyword.MobileBuiltInKeywords.tap(MobileBuiltInKeywords.groovy:577)
	at com.kms.katalon.core.mobile.keyword.MobileBuiltInKeywords$tap$0.call(Unknown Source)
	at open-toko-saya-success.run(open-toko-saya-success:18)
	at com.kms.katalon.core.main.ScriptEngine.run(ScriptEngine.java:194)
	at com.kms.katalon.core.main.ScriptEngine.runScriptAsRawText(ScriptEngine.java:119)
	at com.kms.katalon.core.main.TestCaseExecutor.runScript(TestCaseExecutor.java:339)
	at com.kms.katalon.core.main.TestCaseExecutor.doExecute(TestCaseExecutor.java:330)
	at com.kms.katalon.core.main.TestCaseExecutor.processExecutionPhase(TestCaseExecutor.java:309)
	at com.kms.katalon.core.main.TestCaseExecutor.accessMainPhase(TestCaseExecutor.java:301)
	at com.kms.katalon.core.main.TestCaseExecutor.execute(TestCaseExecutor.java:235)
	at com.kms.katalon.core.main.TestSuiteExecutor.accessTestCaseMainPhase(TestSuiteExecutor.java:191)
	at com.kms.katalon.core.main.TestSuiteExecutor.accessTestSuiteMainPhase(TestSuiteExecutor.java:141)
	at com.kms.katalon.core.main.TestSuiteExecutor.execute(TestSuiteExecutor.java:90)
	at com.kms.katalon.core.main.TestCaseMain.startTestSuite(TestCaseMain.java:157)
	at com.kms.katalon.core.main.TestCaseMain$startTestSuite$0.call(Unknown Source)
	at TempTestSuite1599506122672.run(TempTestSuite1599506122672.groovy:39)]]></system-err>
      </testcase>
      <testcase name="Test Cases/evermoss-mobile-app/open-akun-success" time="59.357" classname="Test Cases/evermoss-mobile-app/open-akun-success" status="FAILED">
         <failure type="FAILED" message="Test Cases/evermoss-mobile-app/open-akun-success FAILED.
Reason:
com.kms.katalon.core.exception.StepFailedException: Element 'Object Repository/evermoss-mobile-app-object/account-name' not found
	at com.kms.katalon.core.keyword.internal.KeywordMain.stepFailed(KeywordMain.groovy:50)
	at com.kms.katalon.core.mobile.keyword.internal.MobileKeywordMain.stepFailed(MobileKeywordMain.groovy:40)
	at com.kms.katalon.core.mobile.keyword.builtin.VerifyElementExistKeyword$_verifyElementExist_closure1.doCall(VerifyElementExistKeyword.groovy:77)
	at com.kms.katalon.core.mobile.keyword.builtin.VerifyElementExistKeyword$_verifyElementExist_closure1.call(VerifyElementExistKeyword.groovy)
	at com.kms.katalon.core.mobile.keyword.internal.MobileKeywordMain.runKeyword(MobileKeywordMain.groovy:21)
	at com.kms.katalon.core.mobile.keyword.builtin.VerifyElementExistKeyword.verifyElementExist(VerifyElementExistKeyword.groovy:80)
	at com.kms.katalon.core.mobile.keyword.builtin.VerifyElementExistKeyword.execute(VerifyElementExistKeyword.groovy:64)
	at com.kms.katalon.core.keyword.internal.KeywordExecutor.executeKeywordForPlatform(KeywordExecutor.groovy:73)
	at com.kms.katalon.core.mobile.keyword.MobileBuiltInKeywords.verifyElementExist(MobileBuiltInKeywords.groovy:809)
	at com.kms.katalon.core.mobile.keyword.MobileBuiltInKeywords$verifyElementExist$2.call(Unknown Source)
	at open-akun-success.run(open-akun-success:20)
	at com.kms.katalon.core.main.ScriptEngine.run(ScriptEngine.java:194)
	at com.kms.katalon.core.main.ScriptEngine.runScriptAsRawText(ScriptEngine.java:119)
	at com.kms.katalon.core.main.TestCaseExecutor.runScript(TestCaseExecutor.java:339)
	at com.kms.katalon.core.main.TestCaseExecutor.doExecute(TestCaseExecutor.java:330)
	at com.kms.katalon.core.main.TestCaseExecutor.processExecutionPhase(TestCaseExecutor.java:309)
	at com.kms.katalon.core.main.TestCaseExecutor.accessMainPhase(TestCaseExecutor.java:301)
	at com.kms.katalon.core.main.TestCaseExecutor.execute(TestCaseExecutor.java:235)
	at com.kms.katalon.core.main.TestSuiteExecutor.accessTestCaseMainPhase(TestSuiteExecutor.java:191)
	at com.kms.katalon.core.main.TestSuiteExecutor.accessTestSuiteMainPhase(TestSuiteExecutor.java:141)
	at com.kms.katalon.core.main.TestSuiteExecutor.execute(TestSuiteExecutor.java:90)
	at com.kms.katalon.core.main.TestCaseMain.startTestSuite(TestCaseMain.java:157)
	at com.kms.katalon.core.main.TestCaseMain$startTestSuite$0.call(Unknown Source)
	at TempTestSuite1599506122672.run(TempTestSuite1599506122672.groovy:39)
"/>
         <system-out><![CDATA[2020-09-08 02:16:52 - [TEST_CASE][FAILED] - Test Cases/evermoss-mobile-app/open-akun-success: Test Cases/evermoss-mobile-app/open-akun-success FAILED.
Reason:
com.kms.katalon.core.exception.StepFailedException: Element 'Object Repository/evermoss-mobile-app-object/account-name' not found
	at com.kms.katalon.core.keyword.internal.KeywordMain.stepFailed(KeywordMain.groovy:50)
	at com.kms.katalon.core.mobile.keyword.internal.MobileKeywordMain.stepFailed(MobileKeywordMain.groovy:40)
	at com.kms.katalon.core.mobile.keyword.builtin.VerifyElementExistKeyword$_verifyElementExist_closure1.doCall(VerifyElementExistKeyword.groovy:77)
	at com.kms.katalon.core.mobile.keyword.builtin.VerifyElementExistKeyword$_verifyElementExist_closure1.call(VerifyElementExistKeyword.groovy)
	at com.kms.katalon.core.mobile.keyword.internal.MobileKeywordMain.runKeyword(MobileKeywordMain.groovy:21)
	at com.kms.katalon.core.mobile.keyword.builtin.VerifyElementExistKeyword.verifyElementExist(VerifyElementExistKeyword.groovy:80)
	at com.kms.katalon.core.mobile.keyword.builtin.VerifyElementExistKeyword.execute(VerifyElementExistKeyword.groovy:64)
	at com.kms.katalon.core.keyword.internal.KeywordExecutor.executeKeywordForPlatform(KeywordExecutor.groovy:73)
	at com.kms.katalon.core.mobile.keyword.MobileBuiltInKeywords.verifyElementExist(MobileBuiltInKeywords.groovy:809)
	at com.kms.katalon.core.mobile.keyword.MobileBuiltInKeywords$verifyElementExist$2.call(Unknown Source)
	at open-akun-success.run(open-akun-success:20)
	at com.kms.katalon.core.main.ScriptEngine.run(ScriptEngine.java:194)
	at com.kms.katalon.core.main.ScriptEngine.runScriptAsRawText(ScriptEngine.java:119)
	at com.kms.katalon.core.main.TestCaseExecutor.runScript(TestCaseExecutor.java:339)
	at com.kms.katalon.core.main.TestCaseExecutor.doExecute(TestCaseExecutor.java:330)
	at com.kms.katalon.core.main.TestCaseExecutor.processExecutionPhase(TestCaseExecutor.java:309)
	at com.kms.katalon.core.main.TestCaseExecutor.accessMainPhase(TestCaseExecutor.java:301)
	at com.kms.katalon.core.main.TestCaseExecutor.execute(TestCaseExecutor.java:235)
	at com.kms.katalon.core.main.TestSuiteExecutor.accessTestCaseMainPhase(TestSuiteExecutor.java:191)
	at com.kms.katalon.core.main.TestSuiteExecutor.accessTestSuiteMainPhase(TestSuiteExecutor.java:141)
	at com.kms.katalon.core.main.TestSuiteExecutor.execute(TestSuiteExecutor.java:90)
	at com.kms.katalon.core.main.TestCaseMain.startTestSuite(TestCaseMain.java:157)
	at com.kms.katalon.core.main.TestCaseMain$startTestSuite$0.call(Unknown Source)
	at TempTestSuite1599506122672.run(TempTestSuite1599506122672.groovy:39)


2020-09-08 02:16:53 - [TEST_STEP][PASSED] - tap(findTestObject("evermoss-mobile-app-object/akun-menu"), 0): Tapped on element 'Object Repository/evermoss-mobile-app-object/akun-menu'

2020-09-08 02:16:53 - [MESSAGE][WARNING] - Timeout '0' is invalid. Using default page load timeout: '30'

2020-09-08 02:17:20 - [MESSAGE][PASSED] - Tapped on element 'Object Repository/evermoss-mobile-app-object/akun-menu'

2020-09-08 02:17:20 - [TEST_STEP][FAILED] - verifyElementExist(findTestObject("evermoss-mobile-app-object/account-name"), 0): Failed to check for element 'Object Repository/evermoss-mobile-app-object/account-name' exist (Root cause: com.kms.katalon.core.exception.StepFailedException: Element 'Object Repository/evermoss-mobile-app-object/account-name' not found
	at com.kms.katalon.core.keyword.internal.KeywordMain.stepFailed(KeywordMain.groovy:50)
	at com.kms.katalon.core.mobile.keyword.internal.MobileKeywordMain.stepFailed(MobileKeywordMain.groovy:40)
	at com.kms.katalon.core.mobile.keyword.builtin.VerifyElementExistKeyword$_verifyElementExist_closure1.doCall(VerifyElementExistKeyword.groovy:77)
	at com.kms.katalon.core.mobile.keyword.builtin.VerifyElementExistKeyword$_verifyElementExist_closure1.call(VerifyElementExistKeyword.groovy)
	at com.kms.katalon.core.mobile.keyword.internal.MobileKeywordMain.runKeyword(MobileKeywordMain.groovy:21)
	at com.kms.katalon.core.mobile.keyword.builtin.VerifyElementExistKeyword.verifyElementExist(VerifyElementExistKeyword.groovy:80)
	at com.kms.katalon.core.mobile.keyword.builtin.VerifyElementExistKeyword.execute(VerifyElementExistKeyword.groovy:64)
	at com.kms.katalon.core.keyword.internal.KeywordExecutor.executeKeywordForPlatform(KeywordExecutor.groovy:73)
	at com.kms.katalon.core.mobile.keyword.MobileBuiltInKeywords.verifyElementExist(MobileBuiltInKeywords.groovy:809)
	at com.kms.katalon.core.mobile.keyword.MobileBuiltInKeywords$verifyElementExist$2.call(Unknown Source)
	at open-akun-success.run(open-akun-success:20)
	at com.kms.katalon.core.main.ScriptEngine.run(ScriptEngine.java:194)
	at com.kms.katalon.core.main.ScriptEngine.runScriptAsRawText(ScriptEngine.java:119)
	at com.kms.katalon.core.main.TestCaseExecutor.runScript(TestCaseExecutor.java:339)
	at com.kms.katalon.core.main.TestCaseExecutor.doExecute(TestCaseExecutor.java:330)
	at com.kms.katalon.core.main.TestCaseExecutor.processExecutionPhase(TestCaseExecutor.java:309)
	at com.kms.katalon.core.main.TestCaseExecutor.accessMainPhase(TestCaseExecutor.java:301)
	at com.kms.katalon.core.main.TestCaseExecutor.execute(TestCaseExecutor.java:235)
	at com.kms.katalon.core.main.TestSuiteExecutor.accessTestCaseMainPhase(TestSuiteExecutor.java:191)
	at com.kms.katalon.core.main.TestSuiteExecutor.accessTestSuiteMainPhase(TestSuiteExecutor.java:141)
	at com.kms.katalon.core.main.TestSuiteExecutor.execute(TestSuiteExecutor.java:90)
	at com.kms.katalon.core.main.TestCaseMain.startTestSuite(TestCaseMain.java:157)
	at com.kms.katalon.core.main.TestCaseMain$startTestSuite$0.call(Unknown Source)
	at TempTestSuite1599506122672.run(TempTestSuite1599506122672.groovy:39)
)

2020-09-08 02:17:20 - [MESSAGE][WARNING] - Timeout '0' is invalid. Using default page load timeout: '30'

2020-09-08 02:17:51 - [MESSAGE][FAILED] - Element 'Object Repository/evermoss-mobile-app-object/account-name' not found
[[ATTACHMENT|/Users/mbpretina-2014/Documents/Evermoss-Test/evermos-automation-test/Reports/20200908_021522/evermos-mobile-suite/Login and keluar/20200908_021522/1599506270750.png]]

2020-09-08 02:17:52 - [MESSAGE][FAILED] - Failed to check for element 'Object Repository/evermoss-mobile-app-object/account-name' exist (Root cause: com.kms.katalon.core.exception.StepFailedException: Element 'Object Repository/evermoss-mobile-app-object/account-name' not found
	at com.kms.katalon.core.keyword.internal.KeywordMain.stepFailed(KeywordMain.groovy:50)
	at com.kms.katalon.core.mobile.keyword.internal.MobileKeywordMain.stepFailed(MobileKeywordMain.groovy:40)
	at com.kms.katalon.core.mobile.keyword.builtin.VerifyElementExistKeyword$_verifyElementExist_closure1.doCall(VerifyElementExistKeyword.groovy:77)
	at com.kms.katalon.core.mobile.keyword.builtin.VerifyElementExistKeyword$_verifyElementExist_closure1.call(VerifyElementExistKeyword.groovy)
	at com.kms.katalon.core.mobile.keyword.internal.MobileKeywordMain.runKeyword(MobileKeywordMain.groovy:21)
	at com.kms.katalon.core.mobile.keyword.builtin.VerifyElementExistKeyword.verifyElementExist(VerifyElementExistKeyword.groovy:80)
	at com.kms.katalon.core.mobile.keyword.builtin.VerifyElementExistKeyword.execute(VerifyElementExistKeyword.groovy:64)
	at com.kms.katalon.core.keyword.internal.KeywordExecutor.executeKeywordForPlatform(KeywordExecutor.groovy:73)
	at com.kms.katalon.core.mobile.keyword.MobileBuiltInKeywords.verifyElementExist(MobileBuiltInKeywords.groovy:809)
	at com.kms.katalon.core.mobile.keyword.MobileBuiltInKeywords$verifyElementExist$2.call(Unknown Source)
	at open-akun-success.run(open-akun-success:20)
	at com.kms.katalon.core.main.ScriptEngine.run(ScriptEngine.java:194)
	at com.kms.katalon.core.main.ScriptEngine.runScriptAsRawText(ScriptEngine.java:119)
	at com.kms.katalon.core.main.TestCaseExecutor.runScript(TestCaseExecutor.java:339)
	at com.kms.katalon.core.main.TestCaseExecutor.doExecute(TestCaseExecutor.java:330)
	at com.kms.katalon.core.main.TestCaseExecutor.processExecutionPhase(TestCaseExecutor.java:309)
	at com.kms.katalon.core.main.TestCaseExecutor.accessMainPhase(TestCaseExecutor.java:301)
	at com.kms.katalon.core.main.TestCaseExecutor.execute(TestCaseExecutor.java:235)
	at com.kms.katalon.core.main.TestSuiteExecutor.accessTestCaseMainPhase(TestSuiteExecutor.java:191)
	at com.kms.katalon.core.main.TestSuiteExecutor.accessTestSuiteMainPhase(TestSuiteExecutor.java:141)
	at com.kms.katalon.core.main.TestSuiteExecutor.execute(TestSuiteExecutor.java:90)
	at com.kms.katalon.core.main.TestCaseMain.startTestSuite(TestCaseMain.java:157)
	at com.kms.katalon.core.main.TestCaseMain$startTestSuite$0.call(Unknown Source)
	at TempTestSuite1599506122672.run(TempTestSuite1599506122672.groovy:39)
)
[[ATTACHMENT|/Users/mbpretina-2014/Documents/Evermoss-Test/evermos-automation-test/Reports/20200908_021522/evermos-mobile-suite/Login and keluar/20200908_021522/1599506271494.png]]]]></system-out>
         <system-err><![CDATA[2020-09-08 02:16:52 - [TEST_CASE][FAILED] - Test Cases/evermoss-mobile-app/open-akun-success: Test Cases/evermoss-mobile-app/open-akun-success FAILED.
Reason:
com.kms.katalon.core.exception.StepFailedException: Element 'Object Repository/evermoss-mobile-app-object/account-name' not found
	at com.kms.katalon.core.keyword.internal.KeywordMain.stepFailed(KeywordMain.groovy:50)
	at com.kms.katalon.core.mobile.keyword.internal.MobileKeywordMain.stepFailed(MobileKeywordMain.groovy:40)
	at com.kms.katalon.core.mobile.keyword.builtin.VerifyElementExistKeyword$_verifyElementExist_closure1.doCall(VerifyElementExistKeyword.groovy:77)
	at com.kms.katalon.core.mobile.keyword.builtin.VerifyElementExistKeyword$_verifyElementExist_closure1.call(VerifyElementExistKeyword.groovy)
	at com.kms.katalon.core.mobile.keyword.internal.MobileKeywordMain.runKeyword(MobileKeywordMain.groovy:21)
	at com.kms.katalon.core.mobile.keyword.builtin.VerifyElementExistKeyword.verifyElementExist(VerifyElementExistKeyword.groovy:80)
	at com.kms.katalon.core.mobile.keyword.builtin.VerifyElementExistKeyword.execute(VerifyElementExistKeyword.groovy:64)
	at com.kms.katalon.core.keyword.internal.KeywordExecutor.executeKeywordForPlatform(KeywordExecutor.groovy:73)
	at com.kms.katalon.core.mobile.keyword.MobileBuiltInKeywords.verifyElementExist(MobileBuiltInKeywords.groovy:809)
	at com.kms.katalon.core.mobile.keyword.MobileBuiltInKeywords$verifyElementExist$2.call(Unknown Source)
	at open-akun-success.run(open-akun-success:20)
	at com.kms.katalon.core.main.ScriptEngine.run(ScriptEngine.java:194)
	at com.kms.katalon.core.main.ScriptEngine.runScriptAsRawText(ScriptEngine.java:119)
	at com.kms.katalon.core.main.TestCaseExecutor.runScript(TestCaseExecutor.java:339)
	at com.kms.katalon.core.main.TestCaseExecutor.doExecute(TestCaseExecutor.java:330)
	at com.kms.katalon.core.main.TestCaseExecutor.processExecutionPhase(TestCaseExecutor.java:309)
	at com.kms.katalon.core.main.TestCaseExecutor.accessMainPhase(TestCaseExecutor.java:301)
	at com.kms.katalon.core.main.TestCaseExecutor.execute(TestCaseExecutor.java:235)
	at com.kms.katalon.core.main.TestSuiteExecutor.accessTestCaseMainPhase(TestSuiteExecutor.java:191)
	at com.kms.katalon.core.main.TestSuiteExecutor.accessTestSuiteMainPhase(TestSuiteExecutor.java:141)
	at com.kms.katalon.core.main.TestSuiteExecutor.execute(TestSuiteExecutor.java:90)
	at com.kms.katalon.core.main.TestCaseMain.startTestSuite(TestCaseMain.java:157)
	at com.kms.katalon.core.main.TestCaseMain$startTestSuite$0.call(Unknown Source)
	at TempTestSuite1599506122672.run(TempTestSuite1599506122672.groovy:39)]]></system-err>
      </testcase>
      <system-out><![CDATA[2020-09-08 02:15:33 - [TEST_SUITE][FAILED] - Login and keluar: Test Cases/evermoss-mobile-app/open-toko-saya-success FAILED.
Reason:
com.kms.katalon.core.exception.StepFailedException: Object Object Repository/evermoss-mobile-app-object/toko-saya-menu not found
	at com.kms.katalon.core.keyword.internal.KeywordMain.stepFailed(KeywordMain.groovy:50)
	at com.kms.katalon.core.mobile.keyword.internal.MobileKeywordMain.stepFailed(MobileKeywordMain.groovy:40)
	at com.kms.katalon.core.mobile.keyword.builtin.TapKeyword$_tap_closure1.doCall(TapKeyword.groovy:79)
	at com.kms.katalon.core.mobile.keyword.builtin.TapKeyword$_tap_closure1.call(TapKeyword.groovy)
	at com.kms.katalon.core.mobile.keyword.internal.MobileKeywordMain.runKeyword(MobileKeywordMain.groovy:21)
	at com.kms.katalon.core.mobile.keyword.builtin.TapKeyword.tap(TapKeyword.groovy:86)
	at com.kms.katalon.core.mobile.keyword.builtin.TapKeyword.execute(TapKeyword.groovy:68)
	at com.kms.katalon.core.keyword.internal.KeywordExecutor.executeKeywordForPlatform(KeywordExecutor.groovy:73)
	at com.kms.katalon.core.mobile.keyword.MobileBuiltInKeywords.tap(MobileBuiltInKeywords.groovy:577)
	at com.kms.katalon.core.mobile.keyword.MobileBuiltInKeywords$tap$0.call(Unknown Source)
	at open-toko-saya-success.run(open-toko-saya-success:18)
	at com.kms.katalon.core.main.ScriptEngine.run(ScriptEngine.java:194)
	at com.kms.katalon.core.main.ScriptEngine.runScriptAsRawText(ScriptEngine.java:119)
	at com.kms.katalon.core.main.TestCaseExecutor.runScript(TestCaseExecutor.java:339)
	at com.kms.katalon.core.main.TestCaseExecutor.doExecute(TestCaseExecutor.java:330)
	at com.kms.katalon.core.main.TestCaseExecutor.processExecutionPhase(TestCaseExecutor.java:309)
	at com.kms.katalon.core.main.TestCaseExecutor.accessMainPhase(TestCaseExecutor.java:301)
	at com.kms.katalon.core.main.TestCaseExecutor.execute(TestCaseExecutor.java:235)
	at com.kms.katalon.core.main.TestSuiteExecutor.accessTestCaseMainPhase(TestSuiteExecutor.java:191)
	at com.kms.katalon.core.main.TestSuiteExecutor.accessTestSuiteMainPhase(TestSuiteExecutor.java:141)
	at com.kms.katalon.core.main.TestSuiteExecutor.execute(TestSuiteExecutor.java:90)
	at com.kms.katalon.core.main.TestCaseMain.startTestSuite(TestCaseMain.java:157)
	at com.kms.katalon.core.main.TestCaseMain$startTestSuite$0.call(Unknown Source)
	at TempTestSuite1599506122672.run(TempTestSuite1599506122672.groovy:39)]]></system-out>
      <system-err><![CDATA[2020-09-08 02:15:33 - [TEST_SUITE][FAILED] - Login and keluar: Test Cases/evermoss-mobile-app/open-toko-saya-success FAILED.
Reason:
com.kms.katalon.core.exception.StepFailedException: Object Object Repository/evermoss-mobile-app-object/toko-saya-menu not found
	at com.kms.katalon.core.keyword.internal.KeywordMain.stepFailed(KeywordMain.groovy:50)
	at com.kms.katalon.core.mobile.keyword.internal.MobileKeywordMain.stepFailed(MobileKeywordMain.groovy:40)
	at com.kms.katalon.core.mobile.keyword.builtin.TapKeyword$_tap_closure1.doCall(TapKeyword.groovy:79)
	at com.kms.katalon.core.mobile.keyword.builtin.TapKeyword$_tap_closure1.call(TapKeyword.groovy)
	at com.kms.katalon.core.mobile.keyword.internal.MobileKeywordMain.runKeyword(MobileKeywordMain.groovy:21)
	at com.kms.katalon.core.mobile.keyword.builtin.TapKeyword.tap(TapKeyword.groovy:86)
	at com.kms.katalon.core.mobile.keyword.builtin.TapKeyword.execute(TapKeyword.groovy:68)
	at com.kms.katalon.core.keyword.internal.KeywordExecutor.executeKeywordForPlatform(KeywordExecutor.groovy:73)
	at com.kms.katalon.core.mobile.keyword.MobileBuiltInKeywords.tap(MobileBuiltInKeywords.groovy:577)
	at com.kms.katalon.core.mobile.keyword.MobileBuiltInKeywords$tap$0.call(Unknown Source)
	at open-toko-saya-success.run(open-toko-saya-success:18)
	at com.kms.katalon.core.main.ScriptEngine.run(ScriptEngine.java:194)
	at com.kms.katalon.core.main.ScriptEngine.runScriptAsRawText(ScriptEngine.java:119)
	at com.kms.katalon.core.main.TestCaseExecutor.runScript(TestCaseExecutor.java:339)
	at com.kms.katalon.core.main.TestCaseExecutor.doExecute(TestCaseExecutor.java:330)
	at com.kms.katalon.core.main.TestCaseExecutor.processExecutionPhase(TestCaseExecutor.java:309)
	at com.kms.katalon.core.main.TestCaseExecutor.accessMainPhase(TestCaseExecutor.java:301)
	at com.kms.katalon.core.main.TestCaseExecutor.execute(TestCaseExecutor.java:235)
	at com.kms.katalon.core.main.TestSuiteExecutor.accessTestCaseMainPhase(TestSuiteExecutor.java:191)
	at com.kms.katalon.core.main.TestSuiteExecutor.accessTestSuiteMainPhase(TestSuiteExecutor.java:141)
	at com.kms.katalon.core.main.TestSuiteExecutor.execute(TestSuiteExecutor.java:90)
	at com.kms.katalon.core.main.TestCaseMain.startTestSuite(TestCaseMain.java:157)
	at com.kms.katalon.core.main.TestCaseMain$startTestSuite$0.call(Unknown Source)
	at TempTestSuite1599506122672.run(TempTestSuite1599506122672.groovy:39)]]></system-err>
   </testsuite>
</testsuites>
