<?xml version="1.0" encoding="UTF-8"?>
<testsuites name="Login and keluar" time="92.47" tests="5" failures="1" errors="0">
   <testsuite name="Login and keluar" tests="5" failures="1" errors="0" time="92.47" timestamp="2020-09-08 01:58:53" hostname="mbpretina-2014 - apples-mbp" id="Test Suites/evermos-mobile-suite/Login and keluar">
      <properties>
         <property name="deviceName" value="realme RMX2061 (Android 10)"/>
         <property name="devicePlatform" value=""/>
         <property name="logFolder" value="/Users/mbpretina-2014/Documents/Evermoss-Test/evermos-automation-test/Reports/20200908_015843/evermos-mobile-suite/Login and keluar/20200908_015843"/>
         <property name="logFiles" value="/Users/mbpretina-2014/Documents/Evermoss-Test/evermos-automation-test/Reports/20200908_015843/evermos-mobile-suite/Login and keluar/20200908_015843/execution0.log, /Users/mbpretina-2014/Documents/Evermoss-Test/evermos-automation-test/Reports/20200908_015843/evermos-mobile-suite/Login and keluar/20200908_015843/appium.log"/>
         <property name="attachments" value="/Users/mbpretina-2014/Documents/Evermoss-Test/evermos-automation-test/Reports/20200908_015843/evermos-mobile-suite/Login and keluar/20200908_015843/1599505224022.png, /Users/mbpretina-2014/Documents/Evermoss-Test/evermos-automation-test/Reports/20200908_015843/evermos-mobile-suite/Login and keluar/20200908_015843/1599505224908.png"/>
         <property name="hostName" value="mbpretina-2014 - apples-mbp"/>
         <property name="os" value="Mac OS X 64bit"/>
         <property name="appiumServerStatus" value="{&quot;value&quot;:{&quot;build&quot;:{&quot;version&quot;:&quot;1.18.1&quot;}},&quot;sessionId&quot;:null,&quot;status&quot;:0}"/>
         <property name="katalonVersion" value="7.6.6.205"/>
         <property name="deviceOS" value="Android"/>
         <property name="appiumVersion" value="1.18.1"/>
         <property name="deviceModel" value="RMX2061"/>
         <property name="hostAddress" value="192.168.43.161"/>
         <property name="deviceManufacturer" value="realme"/>
         <property name="deviceId" value="20754a6a"/>
         <property name="deviceName" value="realme RMX2061 (Android 10)"/>
         <property name="deviceOSVersion" value="10"/>
      </properties>
      <testcase name="Test Cases/evermoss-mobile-app/login-evermos-uccess-case" time="27.038" classname="Test Cases/evermoss-mobile-app/login-evermos-uccess-case" status="PASSED">
         <system-out><![CDATA[2020-09-08 01:58:54 - [TEST_CASE][PASSED] - Test Cases/evermoss-mobile-app/login-evermos-uccess-case: Test Cases/evermoss-mobile-app/login-evermos-uccess-case

2020-09-08 01:58:54 - [TEST_STEP][PASSED] - startApplication(EvermosApkLoc, false): Started app at: '/Users/mbpretina-2014/Downloads/evermos.apk'

2020-09-08 01:58:58 - [MESSAGE][INFO] - Appium server started on port 57,907

2020-09-08 01:59:10 - [MESSAGE][PASSED] - Started app at: '/Users/mbpretina-2014/Downloads/evermos.apk'

2020-09-08 01:59:10 - [TEST_STEP][PASSED] - tap(findTestObject("evermoss-mobile-app-object/Masuk Sekarang"), 0): Tapped on element 'Object Repository/evermoss-mobile-app-object/Masuk Sekarang'

2020-09-08 01:59:11 - [MESSAGE][WARNING] - Timeout '0' is invalid. Using default page load timeout: '30'

2020-09-08 01:59:12 - [MESSAGE][PASSED] - Tapped on element 'Object Repository/evermoss-mobile-app-object/Masuk Sekarang'

2020-09-08 01:59:12 - [TEST_STEP][PASSED] - sendKeys(findTestObject("evermoss-mobile-app-object/phone-number"), EvermosMobilePhone): Send keys '622525' on test object 'Object Repository/evermoss-mobile-app-object/phone-number' successfully.

2020-09-08 01:59:13 - [MESSAGE][PASSED] - Send keys '622525' on test object 'Object Repository/evermoss-mobile-app-object/phone-number' successfully.

2020-09-08 01:59:13 - [TEST_STEP][PASSED] - sendKeys(findTestObject("evermoss-mobile-app-object/kata-sandi"), EvermosMobilePassword): Send keys '1' on test object 'Object Repository/evermoss-mobile-app-object/kata-sandi' successfully.

2020-09-08 01:59:14 - [MESSAGE][PASSED] - Send keys '1' on test object 'Object Repository/evermoss-mobile-app-object/kata-sandi' successfully.

2020-09-08 01:59:14 - [TEST_STEP][PASSED] - tap(findTestObject("evermoss-mobile-app-object/masuk-button"), 0): Tapped on element 'Object Repository/evermoss-mobile-app-object/masuk-button'

2020-09-08 01:59:14 - [MESSAGE][WARNING] - Timeout '0' is invalid. Using default page load timeout: '30'

2020-09-08 01:59:16 - [MESSAGE][PASSED] - Tapped on element 'Object Repository/evermoss-mobile-app-object/masuk-button'

2020-09-08 01:59:16 - [TEST_STEP][PASSED] - verifyElementExist(findTestObject("evermoss-mobile-app-object/katalog-menu"), 0): Element 'Object Repository/evermoss-mobile-app-object/katalog-menu' is exist

2020-09-08 01:59:16 - [MESSAGE][WARNING] - Timeout '0' is invalid. Using default page load timeout: '30'

2020-09-08 01:59:21 - [MESSAGE][PASSED] - Element 'Object Repository/evermoss-mobile-app-object/katalog-menu' is exist]]></system-out>
         <system-err><![CDATA[]]></system-err>
      </testcase>
      <testcase name="Test Cases/evermoss-mobile-app/open-kategori-success" time="8.081" classname="Test Cases/evermoss-mobile-app/open-kategori-success" status="PASSED">
         <system-out><![CDATA[2020-09-08 01:59:21 - [TEST_CASE][PASSED] - Test Cases/evermoss-mobile-app/open-kategori-success: Test Cases/evermoss-mobile-app/open-kategori-success

2020-09-08 01:59:21 - [TEST_STEP][PASSED] - tap(findTestObject("evermoss-mobile-app-object/kategori-menu"), 0): Tapped on element 'Object Repository/evermoss-mobile-app-object/kategori-menu'

2020-09-08 01:59:21 - [MESSAGE][WARNING] - Timeout '0' is invalid. Using default page load timeout: '30'

2020-09-08 01:59:25 - [MESSAGE][PASSED] - Tapped on element 'Object Repository/evermoss-mobile-app-object/kategori-menu'

2020-09-08 01:59:25 - [TEST_STEP][PASSED] - tap(findTestObject("evermoss-mobile-app-object/fashion-anak-bayi-kat-icon"), 0): Tapped on element 'Object Repository/evermoss-mobile-app-object/fashion-anak-bayi-kat-icon'

2020-09-08 01:59:25 - [MESSAGE][WARNING] - Timeout '0' is invalid. Using default page load timeout: '30'

2020-09-08 01:59:26 - [MESSAGE][PASSED] - Tapped on element 'Object Repository/evermoss-mobile-app-object/fashion-anak-bayi-kat-icon'

2020-09-08 01:59:26 - [TEST_STEP][PASSED] - verifyElementExist(findTestObject("evermoss-mobile-app-object/fashion-bayi-text"), 0): Element 'Object Repository/evermoss-mobile-app-object/fashion-bayi-text' is exist

2020-09-08 01:59:26 - [MESSAGE][WARNING] - Timeout '0' is invalid. Using default page load timeout: '30'

2020-09-08 01:59:29 - [MESSAGE][PASSED] - Element 'Object Repository/evermoss-mobile-app-object/fashion-bayi-text' is exist]]></system-out>
         <system-err><![CDATA[]]></system-err>
      </testcase>
      <testcase name="Test Cases/evermoss-mobile-app/open-transaksi-success" time="17.13" classname="Test Cases/evermoss-mobile-app/open-transaksi-success" status="PASSED">
         <system-out><![CDATA[2020-09-08 01:59:29 - [TEST_CASE][PASSED] - Test Cases/evermoss-mobile-app/open-transaksi-success: Test Cases/evermoss-mobile-app/open-transaksi-success

2020-09-08 01:59:29 - [TEST_STEP][PASSED] - tap(findTestObject("evermoss-mobile-app-object/transaksi-menu"), 0): Tapped on element 'Object Repository/evermoss-mobile-app-object/transaksi-menu'

2020-09-08 01:59:29 - [MESSAGE][WARNING] - Timeout '0' is invalid. Using default page load timeout: '30'

2020-09-08 01:59:31 - [MESSAGE][PASSED] - Tapped on element 'Object Repository/evermoss-mobile-app-object/transaksi-menu'

2020-09-08 01:59:31 - [TEST_STEP][PASSED] - verifyElementExist(findTestObject("evermoss-mobile-app-object/Transaksi-text"), 0): Element 'Object Repository/evermoss-mobile-app-object/Transaksi-text' is exist

2020-09-08 01:59:31 - [MESSAGE][WARNING] - Timeout '0' is invalid. Using default page load timeout: '30'

2020-09-08 01:59:33 - [MESSAGE][PASSED] - Element 'Object Repository/evermoss-mobile-app-object/Transaksi-text' is exist

2020-09-08 01:59:33 - [TEST_STEP][PASSED] - tap(findTestObject("evermoss-mobile-app-object/point-saya-menu"), 0): Tapped on element 'Object Repository/evermoss-mobile-app-object/point-saya-menu'

2020-09-08 01:59:33 - [MESSAGE][WARNING] - Timeout '0' is invalid. Using default page load timeout: '30'

2020-09-08 01:59:35 - [MESSAGE][PASSED] - Tapped on element 'Object Repository/evermoss-mobile-app-object/point-saya-menu'

2020-09-08 01:59:35 - [TEST_STEP][PASSED] - tap(findTestObject("evermoss-mobile-app-object/ok-alert-point-saya"), 0): Tapped on element 'Object Repository/evermoss-mobile-app-object/ok-alert-point-saya'

2020-09-08 01:59:35 - [MESSAGE][WARNING] - Timeout '0' is invalid. Using default page load timeout: '30'

2020-09-08 01:59:36 - [MESSAGE][PASSED] - Tapped on element 'Object Repository/evermoss-mobile-app-object/ok-alert-point-saya'

2020-09-08 01:59:36 - [TEST_STEP][PASSED] - tap(findTestObject("evermoss-mobile-app-object/riwayat-transaksi"), 0): Tapped on element 'Object Repository/evermoss-mobile-app-object/riwayat-transaksi'

2020-09-08 01:59:36 - [MESSAGE][WARNING] - Timeout '0' is invalid. Using default page load timeout: '30'

2020-09-08 01:59:38 - [MESSAGE][PASSED] - Tapped on element 'Object Repository/evermoss-mobile-app-object/riwayat-transaksi'

2020-09-08 01:59:38 - [TEST_STEP][PASSED] - verifyElementExist(findTestObject("evermoss-mobile-app-object/data-tidak-tersedia-text"), 0): Element 'Object Repository/evermoss-mobile-app-object/data-tidak-tersedia-text' is exist

2020-09-08 01:59:38 - [MESSAGE][WARNING] - Timeout '0' is invalid. Using default page load timeout: '30'

2020-09-08 01:59:38 - [MESSAGE][PASSED] - Element 'Object Repository/evermoss-mobile-app-object/data-tidak-tersedia-text' is exist

2020-09-08 01:59:38 - [TEST_STEP][PASSED] - tap(findTestObject("evermoss-mobile-app-object/icon-back"), 0): Tapped on element 'Object Repository/evermoss-mobile-app-object/icon-back'

2020-09-08 01:59:38 - [MESSAGE][WARNING] - Timeout '0' is invalid. Using default page load timeout: '30'

2020-09-08 01:59:40 - [MESSAGE][PASSED] - Tapped on element 'Object Repository/evermoss-mobile-app-object/icon-back'

2020-09-08 01:59:40 - [TEST_STEP][PASSED] - tap(findTestObject("evermoss-mobile-app-object/transaksi-via-evermos"), 0): Tapped on element 'Object Repository/evermoss-mobile-app-object/transaksi-via-evermos'

2020-09-08 01:59:40 - [MESSAGE][WARNING] - Timeout '0' is invalid. Using default page load timeout: '30'

2020-09-08 01:59:41 - [MESSAGE][PASSED] - Tapped on element 'Object Repository/evermoss-mobile-app-object/transaksi-via-evermos'

2020-09-08 01:59:41 - [TEST_STEP][PASSED] - verifyElementExist(findTestObject("evermoss-mobile-app-object/pesanan-riwayat"), 0): Element 'Object Repository/evermoss-mobile-app-object/pesanan-riwayat' is exist

2020-09-08 01:59:41 - [MESSAGE][WARNING] - Timeout '0' is invalid. Using default page load timeout: '30'

2020-09-08 01:59:44 - [MESSAGE][PASSED] - Element 'Object Repository/evermoss-mobile-app-object/pesanan-riwayat' is exist

2020-09-08 01:59:44 - [TEST_STEP][PASSED] - tap(findTestObject("evermoss-mobile-app-object/back-transaksi"), 0): Tapped on element 'Object Repository/evermoss-mobile-app-object/back-transaksi'

2020-09-08 01:59:44 - [MESSAGE][WARNING] - Timeout '0' is invalid. Using default page load timeout: '30'

2020-09-08 01:59:46 - [MESSAGE][PASSED] - Tapped on element 'Object Repository/evermoss-mobile-app-object/back-transaksi']]></system-out>
         <system-err><![CDATA[]]></system-err>
      </testcase>
      <testcase name="Test Cases/evermoss-mobile-app/open-toko-saya-success" time="7.069" classname="Test Cases/evermoss-mobile-app/open-toko-saya-success" status="PASSED">
         <system-out><![CDATA[2020-09-08 01:59:46 - [TEST_CASE][PASSED] - Test Cases/evermoss-mobile-app/open-toko-saya-success: Test Cases/evermoss-mobile-app/open-toko-saya-success

2020-09-08 01:59:46 - [TEST_STEP][PASSED] - tap(findTestObject("evermoss-mobile-app-object/toko-saya-menu"), 0): Tapped on element 'Object Repository/evermoss-mobile-app-object/toko-saya-menu'

2020-09-08 01:59:46 - [MESSAGE][WARNING] - Timeout '0' is invalid. Using default page load timeout: '30'

2020-09-08 01:59:48 - [MESSAGE][PASSED] - Tapped on element 'Object Repository/evermoss-mobile-app-object/toko-saya-menu'

2020-09-08 01:59:48 - [TEST_STEP][PASSED] - verifyElementExist(findTestObject("evermoss-mobile-app-object/toko-saya-name"), 0): Element 'Object Repository/evermoss-mobile-app-object/toko-saya-name' is exist

2020-09-08 01:59:48 - [MESSAGE][WARNING] - Timeout '0' is invalid. Using default page load timeout: '30'

2020-09-08 01:59:48 - [MESSAGE][PASSED] - Element 'Object Repository/evermoss-mobile-app-object/toko-saya-name' is exist

2020-09-08 01:59:48 - [TEST_STEP][PASSED] - tap(findTestObject("evermoss-mobile-app-object/first-product"), 0): Tapped on element 'Object Repository/evermoss-mobile-app-object/first-product'

2020-09-08 01:59:48 - [MESSAGE][WARNING] - Timeout '0' is invalid. Using default page load timeout: '30'

2020-09-08 01:59:52 - [MESSAGE][PASSED] - Tapped on element 'Object Repository/evermoss-mobile-app-object/first-product'

2020-09-08 01:59:52 - [TEST_STEP][PASSED] - verifyElementExist(findTestObject("evermoss-mobile-app-object/nama-product"), 0): Element 'Object Repository/evermoss-mobile-app-object/nama-product' is exist

2020-09-08 01:59:52 - [MESSAGE][WARNING] - Timeout '0' is invalid. Using default page load timeout: '30'

2020-09-08 01:59:52 - [MESSAGE][PASSED] - Element 'Object Repository/evermoss-mobile-app-object/nama-product' is exist

2020-09-08 01:59:52 - [TEST_STEP][PASSED] - tap(findTestObject("evermoss-mobile-app-object/back-toko-saya"), 0): Tapped on element 'Object Repository/evermoss-mobile-app-object/back-toko-saya'

2020-09-08 01:59:52 - [MESSAGE][WARNING] - Timeout '0' is invalid. Using default page load timeout: '30'

2020-09-08 01:59:53 - [MESSAGE][PASSED] - Tapped on element 'Object Repository/evermoss-mobile-app-object/back-toko-saya']]></system-out>
         <system-err><![CDATA[]]></system-err>
      </testcase>
      <testcase name="Test Cases/evermoss-mobile-app/open-akun-success" time="32.018" classname="Test Cases/evermoss-mobile-app/open-akun-success" status="FAILED">
         <failure type="FAILED" message="Test Cases/evermoss-mobile-app/open-akun-success FAILED.
Reason:
com.kms.katalon.core.exception.StepFailedException: Object Object Repository/evermoss-mobile-app-object/akun-menu not found
	at com.kms.katalon.core.keyword.internal.KeywordMain.stepFailed(KeywordMain.groovy:50)
	at com.kms.katalon.core.mobile.keyword.internal.MobileKeywordMain.stepFailed(MobileKeywordMain.groovy:40)
	at com.kms.katalon.core.mobile.keyword.builtin.TapKeyword$_tap_closure1.doCall(TapKeyword.groovy:79)
	at com.kms.katalon.core.mobile.keyword.builtin.TapKeyword$_tap_closure1.call(TapKeyword.groovy)
	at com.kms.katalon.core.mobile.keyword.internal.MobileKeywordMain.runKeyword(MobileKeywordMain.groovy:21)
	at com.kms.katalon.core.mobile.keyword.builtin.TapKeyword.tap(TapKeyword.groovy:86)
	at com.kms.katalon.core.mobile.keyword.builtin.TapKeyword.execute(TapKeyword.groovy:68)
	at com.kms.katalon.core.keyword.internal.KeywordExecutor.executeKeywordForPlatform(KeywordExecutor.groovy:73)
	at com.kms.katalon.core.mobile.keyword.MobileBuiltInKeywords.tap(MobileBuiltInKeywords.groovy:577)
	at com.kms.katalon.core.mobile.keyword.MobileBuiltInKeywords$tap$0.call(Unknown Source)
	at open-akun-success.run(open-akun-success:18)
	at com.kms.katalon.core.main.ScriptEngine.run(ScriptEngine.java:194)
	at com.kms.katalon.core.main.ScriptEngine.runScriptAsRawText(ScriptEngine.java:119)
	at com.kms.katalon.core.main.TestCaseExecutor.runScript(TestCaseExecutor.java:339)
	at com.kms.katalon.core.main.TestCaseExecutor.doExecute(TestCaseExecutor.java:330)
	at com.kms.katalon.core.main.TestCaseExecutor.processExecutionPhase(TestCaseExecutor.java:309)
	at com.kms.katalon.core.main.TestCaseExecutor.accessMainPhase(TestCaseExecutor.java:301)
	at com.kms.katalon.core.main.TestCaseExecutor.execute(TestCaseExecutor.java:235)
	at com.kms.katalon.core.main.TestSuiteExecutor.accessTestCaseMainPhase(TestSuiteExecutor.java:191)
	at com.kms.katalon.core.main.TestSuiteExecutor.accessTestSuiteMainPhase(TestSuiteExecutor.java:141)
	at com.kms.katalon.core.main.TestSuiteExecutor.execute(TestSuiteExecutor.java:90)
	at com.kms.katalon.core.main.TestCaseMain.startTestSuite(TestCaseMain.java:157)
	at com.kms.katalon.core.main.TestCaseMain$startTestSuite$0.call(Unknown Source)
	at TempTestSuite1599505123833.run(TempTestSuite1599505123833.groovy:39)
"/>
         <system-out><![CDATA[2020-09-08 01:59:53 - [TEST_CASE][FAILED] - Test Cases/evermoss-mobile-app/open-akun-success: Test Cases/evermoss-mobile-app/open-akun-success FAILED.
Reason:
com.kms.katalon.core.exception.StepFailedException: Object Object Repository/evermoss-mobile-app-object/akun-menu not found
	at com.kms.katalon.core.keyword.internal.KeywordMain.stepFailed(KeywordMain.groovy:50)
	at com.kms.katalon.core.mobile.keyword.internal.MobileKeywordMain.stepFailed(MobileKeywordMain.groovy:40)
	at com.kms.katalon.core.mobile.keyword.builtin.TapKeyword$_tap_closure1.doCall(TapKeyword.groovy:79)
	at com.kms.katalon.core.mobile.keyword.builtin.TapKeyword$_tap_closure1.call(TapKeyword.groovy)
	at com.kms.katalon.core.mobile.keyword.internal.MobileKeywordMain.runKeyword(MobileKeywordMain.groovy:21)
	at com.kms.katalon.core.mobile.keyword.builtin.TapKeyword.tap(TapKeyword.groovy:86)
	at com.kms.katalon.core.mobile.keyword.builtin.TapKeyword.execute(TapKeyword.groovy:68)
	at com.kms.katalon.core.keyword.internal.KeywordExecutor.executeKeywordForPlatform(KeywordExecutor.groovy:73)
	at com.kms.katalon.core.mobile.keyword.MobileBuiltInKeywords.tap(MobileBuiltInKeywords.groovy:577)
	at com.kms.katalon.core.mobile.keyword.MobileBuiltInKeywords$tap$0.call(Unknown Source)
	at open-akun-success.run(open-akun-success:18)
	at com.kms.katalon.core.main.ScriptEngine.run(ScriptEngine.java:194)
	at com.kms.katalon.core.main.ScriptEngine.runScriptAsRawText(ScriptEngine.java:119)
	at com.kms.katalon.core.main.TestCaseExecutor.runScript(TestCaseExecutor.java:339)
	at com.kms.katalon.core.main.TestCaseExecutor.doExecute(TestCaseExecutor.java:330)
	at com.kms.katalon.core.main.TestCaseExecutor.processExecutionPhase(TestCaseExecutor.java:309)
	at com.kms.katalon.core.main.TestCaseExecutor.accessMainPhase(TestCaseExecutor.java:301)
	at com.kms.katalon.core.main.TestCaseExecutor.execute(TestCaseExecutor.java:235)
	at com.kms.katalon.core.main.TestSuiteExecutor.accessTestCaseMainPhase(TestSuiteExecutor.java:191)
	at com.kms.katalon.core.main.TestSuiteExecutor.accessTestSuiteMainPhase(TestSuiteExecutor.java:141)
	at com.kms.katalon.core.main.TestSuiteExecutor.execute(TestSuiteExecutor.java:90)
	at com.kms.katalon.core.main.TestCaseMain.startTestSuite(TestCaseMain.java:157)
	at com.kms.katalon.core.main.TestCaseMain$startTestSuite$0.call(Unknown Source)
	at TempTestSuite1599505123833.run(TempTestSuite1599505123833.groovy:39)


2020-09-08 01:59:53 - [TEST_STEP][FAILED] - tap(findTestObject("evermoss-mobile-app-object/akun-menu"), 0): Failed to tap on element 'Object Repository/evermoss-mobile-app-object/akun-menu' (Root cause: com.kms.katalon.core.exception.StepFailedException: Object Object Repository/evermoss-mobile-app-object/akun-menu not found
	at com.kms.katalon.core.keyword.internal.KeywordMain.stepFailed(KeywordMain.groovy:50)
	at com.kms.katalon.core.mobile.keyword.internal.MobileKeywordMain.stepFailed(MobileKeywordMain.groovy:40)
	at com.kms.katalon.core.mobile.keyword.builtin.TapKeyword$_tap_closure1.doCall(TapKeyword.groovy:79)
	at com.kms.katalon.core.mobile.keyword.builtin.TapKeyword$_tap_closure1.call(TapKeyword.groovy)
	at com.kms.katalon.core.mobile.keyword.internal.MobileKeywordMain.runKeyword(MobileKeywordMain.groovy:21)
	at com.kms.katalon.core.mobile.keyword.builtin.TapKeyword.tap(TapKeyword.groovy:86)
	at com.kms.katalon.core.mobile.keyword.builtin.TapKeyword.execute(TapKeyword.groovy:68)
	at com.kms.katalon.core.keyword.internal.KeywordExecutor.executeKeywordForPlatform(KeywordExecutor.groovy:73)
	at com.kms.katalon.core.mobile.keyword.MobileBuiltInKeywords.tap(MobileBuiltInKeywords.groovy:577)
	at com.kms.katalon.core.mobile.keyword.MobileBuiltInKeywords$tap$0.call(Unknown Source)
	at open-akun-success.run(open-akun-success:18)
	at com.kms.katalon.core.main.ScriptEngine.run(ScriptEngine.java:194)
	at com.kms.katalon.core.main.ScriptEngine.runScriptAsRawText(ScriptEngine.java:119)
	at com.kms.katalon.core.main.TestCaseExecutor.runScript(TestCaseExecutor.java:339)
	at com.kms.katalon.core.main.TestCaseExecutor.doExecute(TestCaseExecutor.java:330)
	at com.kms.katalon.core.main.TestCaseExecutor.processExecutionPhase(TestCaseExecutor.java:309)
	at com.kms.katalon.core.main.TestCaseExecutor.accessMainPhase(TestCaseExecutor.java:301)
	at com.kms.katalon.core.main.TestCaseExecutor.execute(TestCaseExecutor.java:235)
	at com.kms.katalon.core.main.TestSuiteExecutor.accessTestCaseMainPhase(TestSuiteExecutor.java:191)
	at com.kms.katalon.core.main.TestSuiteExecutor.accessTestSuiteMainPhase(TestSuiteExecutor.java:141)
	at com.kms.katalon.core.main.TestSuiteExecutor.execute(TestSuiteExecutor.java:90)
	at com.kms.katalon.core.main.TestCaseMain.startTestSuite(TestCaseMain.java:157)
	at com.kms.katalon.core.main.TestCaseMain$startTestSuite$0.call(Unknown Source)
	at TempTestSuite1599505123833.run(TempTestSuite1599505123833.groovy:39)
)

2020-09-08 01:59:53 - [MESSAGE][WARNING] - Timeout '0' is invalid. Using default page load timeout: '30'

2020-09-08 02:00:24 - [MESSAGE][FAILED] - Object Object Repository/evermoss-mobile-app-object/akun-menu not found
[[ATTACHMENT|/Users/mbpretina-2014/Documents/Evermoss-Test/evermos-automation-test/Reports/20200908_015843/evermos-mobile-suite/Login and keluar/20200908_015843/1599505224022.png]]

2020-09-08 02:00:25 - [MESSAGE][FAILED] - Failed to tap on element 'Object Repository/evermoss-mobile-app-object/akun-menu' (Root cause: com.kms.katalon.core.exception.StepFailedException: Object Object Repository/evermoss-mobile-app-object/akun-menu not found
	at com.kms.katalon.core.keyword.internal.KeywordMain.stepFailed(KeywordMain.groovy:50)
	at com.kms.katalon.core.mobile.keyword.internal.MobileKeywordMain.stepFailed(MobileKeywordMain.groovy:40)
	at com.kms.katalon.core.mobile.keyword.builtin.TapKeyword$_tap_closure1.doCall(TapKeyword.groovy:79)
	at com.kms.katalon.core.mobile.keyword.builtin.TapKeyword$_tap_closure1.call(TapKeyword.groovy)
	at com.kms.katalon.core.mobile.keyword.internal.MobileKeywordMain.runKeyword(MobileKeywordMain.groovy:21)
	at com.kms.katalon.core.mobile.keyword.builtin.TapKeyword.tap(TapKeyword.groovy:86)
	at com.kms.katalon.core.mobile.keyword.builtin.TapKeyword.execute(TapKeyword.groovy:68)
	at com.kms.katalon.core.keyword.internal.KeywordExecutor.executeKeywordForPlatform(KeywordExecutor.groovy:73)
	at com.kms.katalon.core.mobile.keyword.MobileBuiltInKeywords.tap(MobileBuiltInKeywords.groovy:577)
	at com.kms.katalon.core.mobile.keyword.MobileBuiltInKeywords$tap$0.call(Unknown Source)
	at open-akun-success.run(open-akun-success:18)
	at com.kms.katalon.core.main.ScriptEngine.run(ScriptEngine.java:194)
	at com.kms.katalon.core.main.ScriptEngine.runScriptAsRawText(ScriptEngine.java:119)
	at com.kms.katalon.core.main.TestCaseExecutor.runScript(TestCaseExecutor.java:339)
	at com.kms.katalon.core.main.TestCaseExecutor.doExecute(TestCaseExecutor.java:330)
	at com.kms.katalon.core.main.TestCaseExecutor.processExecutionPhase(TestCaseExecutor.java:309)
	at com.kms.katalon.core.main.TestCaseExecutor.accessMainPhase(TestCaseExecutor.java:301)
	at com.kms.katalon.core.main.TestCaseExecutor.execute(TestCaseExecutor.java:235)
	at com.kms.katalon.core.main.TestSuiteExecutor.accessTestCaseMainPhase(TestSuiteExecutor.java:191)
	at com.kms.katalon.core.main.TestSuiteExecutor.accessTestSuiteMainPhase(TestSuiteExecutor.java:141)
	at com.kms.katalon.core.main.TestSuiteExecutor.execute(TestSuiteExecutor.java:90)
	at com.kms.katalon.core.main.TestCaseMain.startTestSuite(TestCaseMain.java:157)
	at com.kms.katalon.core.main.TestCaseMain$startTestSuite$0.call(Unknown Source)
	at TempTestSuite1599505123833.run(TempTestSuite1599505123833.groovy:39)
)
[[ATTACHMENT|/Users/mbpretina-2014/Documents/Evermoss-Test/evermos-automation-test/Reports/20200908_015843/evermos-mobile-suite/Login and keluar/20200908_015843/1599505224908.png]]]]></system-out>
         <system-err><![CDATA[2020-09-08 01:59:53 - [TEST_CASE][FAILED] - Test Cases/evermoss-mobile-app/open-akun-success: Test Cases/evermoss-mobile-app/open-akun-success FAILED.
Reason:
com.kms.katalon.core.exception.StepFailedException: Object Object Repository/evermoss-mobile-app-object/akun-menu not found
	at com.kms.katalon.core.keyword.internal.KeywordMain.stepFailed(KeywordMain.groovy:50)
	at com.kms.katalon.core.mobile.keyword.internal.MobileKeywordMain.stepFailed(MobileKeywordMain.groovy:40)
	at com.kms.katalon.core.mobile.keyword.builtin.TapKeyword$_tap_closure1.doCall(TapKeyword.groovy:79)
	at com.kms.katalon.core.mobile.keyword.builtin.TapKeyword$_tap_closure1.call(TapKeyword.groovy)
	at com.kms.katalon.core.mobile.keyword.internal.MobileKeywordMain.runKeyword(MobileKeywordMain.groovy:21)
	at com.kms.katalon.core.mobile.keyword.builtin.TapKeyword.tap(TapKeyword.groovy:86)
	at com.kms.katalon.core.mobile.keyword.builtin.TapKeyword.execute(TapKeyword.groovy:68)
	at com.kms.katalon.core.keyword.internal.KeywordExecutor.executeKeywordForPlatform(KeywordExecutor.groovy:73)
	at com.kms.katalon.core.mobile.keyword.MobileBuiltInKeywords.tap(MobileBuiltInKeywords.groovy:577)
	at com.kms.katalon.core.mobile.keyword.MobileBuiltInKeywords$tap$0.call(Unknown Source)
	at open-akun-success.run(open-akun-success:18)
	at com.kms.katalon.core.main.ScriptEngine.run(ScriptEngine.java:194)
	at com.kms.katalon.core.main.ScriptEngine.runScriptAsRawText(ScriptEngine.java:119)
	at com.kms.katalon.core.main.TestCaseExecutor.runScript(TestCaseExecutor.java:339)
	at com.kms.katalon.core.main.TestCaseExecutor.doExecute(TestCaseExecutor.java:330)
	at com.kms.katalon.core.main.TestCaseExecutor.processExecutionPhase(TestCaseExecutor.java:309)
	at com.kms.katalon.core.main.TestCaseExecutor.accessMainPhase(TestCaseExecutor.java:301)
	at com.kms.katalon.core.main.TestCaseExecutor.execute(TestCaseExecutor.java:235)
	at com.kms.katalon.core.main.TestSuiteExecutor.accessTestCaseMainPhase(TestSuiteExecutor.java:191)
	at com.kms.katalon.core.main.TestSuiteExecutor.accessTestSuiteMainPhase(TestSuiteExecutor.java:141)
	at com.kms.katalon.core.main.TestSuiteExecutor.execute(TestSuiteExecutor.java:90)
	at com.kms.katalon.core.main.TestCaseMain.startTestSuite(TestCaseMain.java:157)
	at com.kms.katalon.core.main.TestCaseMain$startTestSuite$0.call(Unknown Source)
	at TempTestSuite1599505123833.run(TempTestSuite1599505123833.groovy:39)]]></system-err>
      </testcase>
      <system-out><![CDATA[2020-09-08 01:58:53 - [TEST_SUITE][FAILED] - Login and keluar: Test Cases/evermoss-mobile-app/open-akun-success FAILED.
Reason:
com.kms.katalon.core.exception.StepFailedException: Object Object Repository/evermoss-mobile-app-object/akun-menu not found
	at com.kms.katalon.core.keyword.internal.KeywordMain.stepFailed(KeywordMain.groovy:50)
	at com.kms.katalon.core.mobile.keyword.internal.MobileKeywordMain.stepFailed(MobileKeywordMain.groovy:40)
	at com.kms.katalon.core.mobile.keyword.builtin.TapKeyword$_tap_closure1.doCall(TapKeyword.groovy:79)
	at com.kms.katalon.core.mobile.keyword.builtin.TapKeyword$_tap_closure1.call(TapKeyword.groovy)
	at com.kms.katalon.core.mobile.keyword.internal.MobileKeywordMain.runKeyword(MobileKeywordMain.groovy:21)
	at com.kms.katalon.core.mobile.keyword.builtin.TapKeyword.tap(TapKeyword.groovy:86)
	at com.kms.katalon.core.mobile.keyword.builtin.TapKeyword.execute(TapKeyword.groovy:68)
	at com.kms.katalon.core.keyword.internal.KeywordExecutor.executeKeywordForPlatform(KeywordExecutor.groovy:73)
	at com.kms.katalon.core.mobile.keyword.MobileBuiltInKeywords.tap(MobileBuiltInKeywords.groovy:577)
	at com.kms.katalon.core.mobile.keyword.MobileBuiltInKeywords$tap$0.call(Unknown Source)
	at open-akun-success.run(open-akun-success:18)
	at com.kms.katalon.core.main.ScriptEngine.run(ScriptEngine.java:194)
	at com.kms.katalon.core.main.ScriptEngine.runScriptAsRawText(ScriptEngine.java:119)
	at com.kms.katalon.core.main.TestCaseExecutor.runScript(TestCaseExecutor.java:339)
	at com.kms.katalon.core.main.TestCaseExecutor.doExecute(TestCaseExecutor.java:330)
	at com.kms.katalon.core.main.TestCaseExecutor.processExecutionPhase(TestCaseExecutor.java:309)
	at com.kms.katalon.core.main.TestCaseExecutor.accessMainPhase(TestCaseExecutor.java:301)
	at com.kms.katalon.core.main.TestCaseExecutor.execute(TestCaseExecutor.java:235)
	at com.kms.katalon.core.main.TestSuiteExecutor.accessTestCaseMainPhase(TestSuiteExecutor.java:191)
	at com.kms.katalon.core.main.TestSuiteExecutor.accessTestSuiteMainPhase(TestSuiteExecutor.java:141)
	at com.kms.katalon.core.main.TestSuiteExecutor.execute(TestSuiteExecutor.java:90)
	at com.kms.katalon.core.main.TestCaseMain.startTestSuite(TestCaseMain.java:157)
	at com.kms.katalon.core.main.TestCaseMain$startTestSuite$0.call(Unknown Source)
	at TempTestSuite1599505123833.run(TempTestSuite1599505123833.groovy:39)]]></system-out>
      <system-err><![CDATA[2020-09-08 01:58:53 - [TEST_SUITE][FAILED] - Login and keluar: Test Cases/evermoss-mobile-app/open-akun-success FAILED.
Reason:
com.kms.katalon.core.exception.StepFailedException: Object Object Repository/evermoss-mobile-app-object/akun-menu not found
	at com.kms.katalon.core.keyword.internal.KeywordMain.stepFailed(KeywordMain.groovy:50)
	at com.kms.katalon.core.mobile.keyword.internal.MobileKeywordMain.stepFailed(MobileKeywordMain.groovy:40)
	at com.kms.katalon.core.mobile.keyword.builtin.TapKeyword$_tap_closure1.doCall(TapKeyword.groovy:79)
	at com.kms.katalon.core.mobile.keyword.builtin.TapKeyword$_tap_closure1.call(TapKeyword.groovy)
	at com.kms.katalon.core.mobile.keyword.internal.MobileKeywordMain.runKeyword(MobileKeywordMain.groovy:21)
	at com.kms.katalon.core.mobile.keyword.builtin.TapKeyword.tap(TapKeyword.groovy:86)
	at com.kms.katalon.core.mobile.keyword.builtin.TapKeyword.execute(TapKeyword.groovy:68)
	at com.kms.katalon.core.keyword.internal.KeywordExecutor.executeKeywordForPlatform(KeywordExecutor.groovy:73)
	at com.kms.katalon.core.mobile.keyword.MobileBuiltInKeywords.tap(MobileBuiltInKeywords.groovy:577)
	at com.kms.katalon.core.mobile.keyword.MobileBuiltInKeywords$tap$0.call(Unknown Source)
	at open-akun-success.run(open-akun-success:18)
	at com.kms.katalon.core.main.ScriptEngine.run(ScriptEngine.java:194)
	at com.kms.katalon.core.main.ScriptEngine.runScriptAsRawText(ScriptEngine.java:119)
	at com.kms.katalon.core.main.TestCaseExecutor.runScript(TestCaseExecutor.java:339)
	at com.kms.katalon.core.main.TestCaseExecutor.doExecute(TestCaseExecutor.java:330)
	at com.kms.katalon.core.main.TestCaseExecutor.processExecutionPhase(TestCaseExecutor.java:309)
	at com.kms.katalon.core.main.TestCaseExecutor.accessMainPhase(TestCaseExecutor.java:301)
	at com.kms.katalon.core.main.TestCaseExecutor.execute(TestCaseExecutor.java:235)
	at com.kms.katalon.core.main.TestSuiteExecutor.accessTestCaseMainPhase(TestSuiteExecutor.java:191)
	at com.kms.katalon.core.main.TestSuiteExecutor.accessTestSuiteMainPhase(TestSuiteExecutor.java:141)
	at com.kms.katalon.core.main.TestSuiteExecutor.execute(TestSuiteExecutor.java:90)
	at com.kms.katalon.core.main.TestCaseMain.startTestSuite(TestCaseMain.java:157)
	at com.kms.katalon.core.main.TestCaseMain$startTestSuite$0.call(Unknown Source)
	at TempTestSuite1599505123833.run(TempTestSuite1599505123833.groovy:39)]]></system-err>
   </testsuite>
</testsuites>
